<?xml version="1.0" encoding="UTF-8"?>
<!-- Generated by org.testng.reporters.JUnitReportReporter -->
<testsuite hostname="DESKTOP-5KD2F17" failures="0" tests="12" name="source_package.Base" time="789.489" errors="0" timestamp="2021-03-31T17:35:48 IST" skipped="0">
  <testcase classname="source_package.Base" name="termination" time="65.520"/>
  <system-out/>
  <testcase classname="source_package.Base" name="modifyPerson" time="71.230"/>
  <system-out/>
  <testcase classname="source_package.Base" name="employeeReturnFromPaidLeave" time="61.842"/>
  <system-out/>
  <testcase classname="source_package.Base" name="termination" time="61.415"/>
  <system-out/>
  <testcase classname="source_package.Base" name="rehire" time="66.430"/>
  <system-out/>
  <testcase classname="source_package.Base" name="changeDepartment" time="66.094"/>
  <system-out/>
  <testcase classname="source_package.Base" name="changeDepartment" time="65.761"/>
  <system-out/>
  <testcase classname="source_package.Base" name="modifyPerson" time="63.288"/>
  <system-out/>
  <testcase classname="source_package.Base" name="employeePaidLeave" time="76.542"/>
  <system-out/>
  <testcase classname="source_package.Base" name="employeePaidLeave" time="65.038"/>
  <system-out/>
  <testcase classname="source_package.Base" name="employeeReturnFromPaidLeave" time="63.607"/>
  <system-out/>
  <testcase classname="source_package.Base" name="rehire" time="62.722"/>
  <system-out/>
</testsuite> <!-- source_package.Base -->
